<?xml version="1.0" encoding="utf-8"?><testsuites><testsuite name="pytest" errors="0" failures="0" skipped="0" tests="0" time="0.009" timestamp="2022-12-09T20:10:48.005345" hostname="AOTU-001" /></testsuites>